E:\OPENCV PRACTICE\识别车牌并提取坐标\20171120RECTSELECT\DEBUG\RECTSELECT.EXE
E:\OPENCV PRACTICE\识别车牌并提取坐标\20171120RECTSELECT\DEBUG\RECTSELECT.ILK
E:\OPENCV PRACTICE\识别车牌并提取坐标\20171120RECTSELECT\DEBUG\RECTSELECT.PDB
E:\opencv practice\识别车牌并提取坐标\20171120rectselect\rectselect\Debug\cl.command.1.tlog
E:\opencv practice\识别车牌并提取坐标\20171120rectselect\rectselect\Debug\CL.read.1.tlog
E:\opencv practice\识别车牌并提取坐标\20171120rectselect\rectselect\Debug\CL.write.1.tlog
E:\opencv practice\识别车牌并提取坐标\20171120rectselect\rectselect\Debug\link.6656.read.1.tlog
E:\opencv practice\识别车牌并提取坐标\20171120rectselect\rectselect\Debug\link.6656.write.1.tlog
E:\opencv practice\识别车牌并提取坐标\20171120rectselect\rectselect\Debug\link.6656-cvtres.read.1.tlog
E:\opencv practice\识别车牌并提取坐标\20171120rectselect\rectselect\Debug\link.6656-cvtres.write.1.tlog
E:\opencv practice\识别车牌并提取坐标\20171120rectselect\rectselect\Debug\link.command.1.tlog
E:\opencv practice\识别车牌并提取坐标\20171120rectselect\rectselect\Debug\link.read.1.tlog
E:\opencv practice\识别车牌并提取坐标\20171120rectselect\rectselect\Debug\link.write.1.tlog
E:\opencv practice\识别车牌并提取坐标\20171120rectselect\rectselect\Debug\link-cvtres.read.1.tlog
E:\opencv practice\识别车牌并提取坐标\20171120rectselect\rectselect\Debug\link-cvtres.write.1.tlog
E:\opencv practice\识别车牌并提取坐标\20171120rectselect\rectselect\Debug\mt.command.1.tlog
E:\opencv practice\识别车牌并提取坐标\20171120rectselect\rectselect\Debug\mt.read.1.tlog
E:\opencv practice\识别车牌并提取坐标\20171120rectselect\rectselect\Debug\mt.write.1.tlog
E:\opencv practice\识别车牌并提取坐标\20171120rectselect\rectselect\Debug\rc.command.1.tlog
E:\opencv practice\识别车牌并提取坐标\20171120rectselect\rectselect\Debug\rc.read.1.tlog
E:\opencv practice\识别车牌并提取坐标\20171120rectselect\rectselect\Debug\rc.write.1.tlog
E:\OPENCV PRACTICE\识别车牌并提取坐标\20171120RECTSELECT\RECTSELECT\DEBUG\RECTSELECT.EXE.EMBED.MANIFEST
E:\OPENCV PRACTICE\识别车牌并提取坐标\20171120RECTSELECT\RECTSELECT\DEBUG\RECTSELECT.EXE.EMBED.MANIFEST.RES
E:\OPENCV PRACTICE\识别车牌并提取坐标\20171120RECTSELECT\RECTSELECT\DEBUG\RECTSELECT.EXE.INTERMEDIATE.MANIFEST
E:\OPENCV PRACTICE\识别车牌并提取坐标\20171120RECTSELECT\RECTSELECT\DEBUG\RECTSELECT.OBJ
E:\OPENCV PRACTICE\识别车牌并提取坐标\20171120RECTSELECT\RECTSELECT\DEBUG\RECTSELECT.PCH
E:\opencv practice\识别车牌并提取坐标\20171120rectselect\rectselect\Debug\rectselect_manifest.rc
E:\OPENCV PRACTICE\识别车牌并提取坐标\20171120RECTSELECT\RECTSELECT\DEBUG\STDAFX.OBJ
E:\opencv practice\识别车牌并提取坐标\20171120rectselect\rectselect\Debug\vc100.idb
E:\OPENCV PRACTICE\识别车牌并提取坐标\20171120RECTSELECT\RECTSELECT\DEBUG\VC100.PDB
