生成启动时间为 2017/7/31 17:53:53。
     1>项目“C:\Users\Kai\Desktop\文件夹\BX-5(M)K字库卡（含语音版）\DEMO\Led5kSDK\Led5kSDKDemo\Led5kSDKDemo.vcxproj”在节点 2 上(build 个目标)。
     1>InitializeBuildStatus:
         正在创建“Debug\Led5kSDKDemo.unsuccessfulbuild”，因为已指定“AlwaysCreate”。
       ClCompile:
         C:\Program Files (x86)\Microsoft Visual Studio 10.0\VC\bin\CL.exe /c /ZI /nologo /W3 /WX- /Od /Oy- /D WIN32 /D _WINDOWS /D _DEBUG /D _UNICODE /D UNICODE /D _AFXDLL /Gm /EHsc /RTC1 /MD /GS /fp:precise /Zc:wchar_t /Zc:forScope /Yc"StdAfx.h" /Fp"Debug\Led5kSDKDemo.pch" /Fo"Debug\\" /Fd"Debug\vc100.pdb" /Gd /TP /analyze- /errorReport:prompt stdafx.cpp
         stdafx.cpp
         C:\Program Files (x86)\Microsoft Visual Studio 10.0\VC\bin\CL.exe /c /ZI /nologo /W3 /WX- /Od /Oy- /D WIN32 /D _WINDOWS /D _DEBUG /D _UNICODE /D UNICODE /D _AFXDLL /Gm /EHsc /RTC1 /MD /GS /fp:precise /Zc:wchar_t /Zc:forScope /Yu"StdAfx.h" /Fp"Debug\Led5kSDKDemo.pch" /Fo"Debug\\" /Fd"Debug\vc100.pdb" /Gd /TP /analyze- /errorReport:prompt AreaDlg.cpp Led5kSDKDemo.cpp Led5kSDKDemoDlg.cpp ProgramDlg.cpp SoundAreaDlg.cpp StaticAreaDlg.cpp
         StaticAreaDlg.cpp
         SoundAreaDlg.cpp
         ProgramDlg.cpp
         Led5kSDKDemoDlg.cpp
     1>c:\users\kai\desktop\文件夹\bx-5(m)k字库卡（含语音版）\demo\led5ksdk\led5ksdkdemo\led5ksdkdemodlg.cpp(1008): warning C4244: “参数”: 从“DWORD”转换到“USHORT”，可能丢失数据
     1>c:\users\kai\desktop\文件夹\bx-5(m)k字库卡（含语音版）\demo\led5ksdk\led5ksdkdemo\led5ksdkdemodlg.cpp(1016): warning C4244: “参数”: 从“DWORD”转换到“USHORT”，可能丢失数据
     1>c:\users\kai\desktop\文件夹\bx-5(m)k字库卡（含语音版）\demo\led5ksdk\led5ksdkdemo\led5ksdkdemodlg.cpp(1031): warning C4244: “参数”: 从“DWORD”转换到“USHORT”，可能丢失数据
         Led5kSDKDemo.cpp
         AreaDlg.cpp
         正在生成代码...
       ResourceCompile:
         C:\Program Files (x86)\Microsoft SDKs\Windows\v7.0A\bin\rc.exe /D _DEBUG /D _UNICODE /D UNICODE /D _AFXDLL /l"0x0804" /IDebug\ /nologo /fo"Debug\Led5kSDKDemo.res" Led5kSDKDemo.rc 
       ManifestResourceCompile:
         C:\Program Files (x86)\Microsoft SDKs\Windows\v7.0A\bin\rc.exe /nologo /fo"Debug\Led5kSDKDemo.exe.embed.manifest.res" Debug\Led5kSDKDemo_manifest.rc 
       Link:
         C:\Program Files (x86)\Microsoft Visual Studio 10.0\VC\bin\link.exe /ERRORREPORT:PROMPT /OUT:"C:\Users\Kai\Desktop\文件夹\BX-5(M)K字库卡（含语音版）\DEMO\Led5kSDK\Debug\Led5kSDKDemo.exe" /INCREMENTAL /NOLOGO /MANIFEST /ManifestFile:"Debug\Led5kSDKDemo.exe.intermediate.manifest" /MANIFESTUAC:"level='asInvoker' uiAccess='false'" /DEBUG /PDB:"C:\Users\Kai\Desktop\文件夹\BX-5(M)K字库卡（含语音版）\DEMO\Led5kSDK\Debug\Led5kSDKDemo.pdb" /SUBSYSTEM:WINDOWS /TLBID:1 /ENTRY:"wWinMainCRTStartup" /DYNAMICBASE /NXCOMPAT /IMPLIB:"C:\Users\Kai\Desktop\文件夹\BX-5(M)K字库卡（含语音版）\DEMO\Led5kSDK\Debug\Led5kSDKDemo.lib" /MACHINE:X86 Debug\Led5kSDKDemo.res
         Debug\Led5kSDKDemo.exe.embed.manifest.res
         Debug\AreaDlg.obj
         Debug\Led5kSDKDemo.obj
         Debug\Led5kSDKDemoDlg.obj
         Debug\ProgramDlg.obj
         Debug\SoundAreaDlg.obj
         Debug\StaticAreaDlg.obj
         Debug\stdafx.obj
     1>LINK : warning LNK4098: 默认库“MSVCRT”与其他库的使用冲突；请使用 /NODEFAULTLIB:library
       Manifest:
         C:\Program Files (x86)\Microsoft SDKs\Windows\v7.0A\bin\mt.exe /nologo /verbose /out:"Debug\Led5kSDKDemo.exe.embed.manifest" /manifest Debug\Led5kSDKDemo.exe.intermediate.manifest "C:\Program Files (x86)\Microsoft Visual Studio 10.0\VC\Include\Manifest\dpiaware.manifest"
         所有输出均为最新。
       LinkEmbedManifest:
         所有输出均为最新。
         Led5kSDKDemo.vcxproj -> C:\Users\Kai\Desktop\文件夹\BX-5(M)K字库卡（含语音版）\DEMO\Led5kSDK\Debug\Led5kSDKDemo.exe
       FinalizeBuildStatus:
         正在删除文件“Debug\Led5kSDKDemo.unsuccessfulbuild”。
         正在对“Debug\Led5kSDKDemo.lastbuildstate”执行 Touch 任务。
     1>已完成生成项目“C:\Users\Kai\Desktop\文件夹\BX-5(M)K字库卡（含语音版）\DEMO\Led5kSDK\Led5kSDKDemo\Led5kSDKDemo.vcxproj”(build 个目标)的操作。

生成成功。

已用时间 00:00:14.07
